<?xml version="1.0" encoding="UTF-8"?>
<testsuite name="com.estsoft.blogjpa.service.UserServiceTest2" tests="1" skipped="0" failures="0" errors="0" timestamp="2024-04-19T05:28:13" hostname="leetaehees-MacBook-Pro.local" time="0.234">
  <properties/>
  <testcase name="사용자 정보 저장" classname="com.estsoft.blogjpa.service.UserServiceTest2" time="0.234"/>
  <system-out><![CDATA[null, pw: $2a$10$d/yz0yCGwH2j2lLamyTz2eJfQUSGwsKkT/3E7wiVOPMigDrE1suPa
]]></system-out>
  <system-err><![CDATA[]]></system-err>
</testsuite>
