<?xml version="1.0" encoding="UTF-8"?>
<testsuite name="com.estsoft.blogjpa.service.UserServiceTest" tests="1" skipped="0" failures="0" errors="0" timestamp="2024-04-19T05:18:51" hostname="leetaehees-MacBook-Pro.local" time="0.383">
  <properties/>
  <testcase name="saveTest()" classname="com.estsoft.blogjpa.service.UserServiceTest" time="0.383"/>
  <system-out><![CDATA[14:18:49.914 [Test worker] INFO org.springframework.test.context.support.AnnotationConfigContextLoaderUtils -- Could not detect default configuration classes for test class [com.estsoft.blogjpa.service.UserServiceTest]: UserServiceTest does not declare any static, non-private, non-final, nested classes annotated with @Configuration.
14:18:49.958 [Test worker] INFO org.springframework.boot.test.context.SpringBootTestContextBootstrapper -- Found @SpringBootConfiguration com.estsoft.blogjpa.BlogJpaApplication for test class com.estsoft.blogjpa.service.UserServiceTest

  .   ____          _            __ _ _
 /\\ / ___'_ __ _ _(_)_ __  __ _ \ \ \ \
( ( )\___ | '_ | '_| | '_ \/ _` | \ \ \ \
 \\/  ___)| |_)| | | | | || (_| |  ) ) ) )
  '  |____| .__|_| |_|_| |_\__, | / / / /
 =========|_|==============|___/=/_/_/_/
 :: Spring Boot ::                (v3.2.3)

2024-04-19T14:18:50.086+09:00  INFO 12473 --- [blog-jpa] [    Test worker] c.e.blogjpa.service.UserServiceTest      : Starting UserServiceTest using Java 21.0.2 with PID 12473 (started by lth in /Users/lth/IdeaProjects/blog-jpa)
2024-04-19T14:18:50.087+09:00  INFO 12473 --- [blog-jpa] [    Test worker] c.e.blogjpa.service.UserServiceTest      : No active profile set, falling back to 1 default profile: "default"
2024-04-19T14:18:50.351+09:00  INFO 12473 --- [blog-jpa] [    Test worker] .s.d.r.c.RepositoryConfigurationDelegate : Bootstrapping Spring Data JPA repositories in DEFAULT mode.
2024-04-19T14:18:50.371+09:00  INFO 12473 --- [blog-jpa] [    Test worker] .s.d.r.c.RepositoryConfigurationDelegate : Finished Spring Data repository scanning in 17 ms. Found 2 JPA repository interfaces.
2024-04-19T14:18:50.548+09:00  INFO 12473 --- [blog-jpa] [    Test worker] com.zaxxer.hikari.HikariDataSource       : HikariPool-1 - Starting...
2024-04-19T14:18:50.627+09:00  INFO 12473 --- [blog-jpa] [    Test worker] com.zaxxer.hikari.pool.HikariPool        : HikariPool-1 - Added connection conn0: url=jdbc:h2:mem:testdb user=SA
2024-04-19T14:18:50.627+09:00  INFO 12473 --- [blog-jpa] [    Test worker] com.zaxxer.hikari.HikariDataSource       : HikariPool-1 - Start completed.
2024-04-19T14:18:50.656+09:00  INFO 12473 --- [blog-jpa] [    Test worker] o.hibernate.jpa.internal.util.LogHelper  : HHH000204: Processing PersistenceUnitInfo [name: default]
2024-04-19T14:18:50.681+09:00  INFO 12473 --- [blog-jpa] [    Test worker] org.hibernate.Version                    : HHH000412: Hibernate ORM core version 6.4.4.Final
2024-04-19T14:18:50.697+09:00  INFO 12473 --- [blog-jpa] [    Test worker] o.h.c.internal.RegionFactoryInitiator    : HHH000026: Second-level cache disabled
2024-04-19T14:18:50.783+09:00  INFO 12473 --- [blog-jpa] [    Test worker] o.s.o.j.p.SpringPersistenceUnitInfo      : No LoadTimeWeaver setup: ignoring JPA class transformer
2024-04-19T14:18:51.093+09:00  INFO 12473 --- [blog-jpa] [    Test worker] o.h.e.t.j.p.i.JtaPlatformInitiator       : HHH000489: No JTA platform available (set 'hibernate.transaction.jta.platform' to enable JTA platform integration)
Hibernate: 
    drop table if exists article cascade 
Hibernate: 
    drop table if exists users cascade 
Hibernate: 
    create table article (
        created_at timestamp(6),
        id bigint generated by default as identity,
        updated_at timestamp(6),
        content varchar(255) not null,
        title varchar(255) not null,
        primary key (id)
    )
Hibernate: 
    create table users (
        created_at timestamp(6),
        id bigint generated by default as identity,
        email varchar(255) not null unique,
        password varchar(255) not null,
        primary key (id)
    )
2024-04-19T14:18:51.107+09:00  INFO 12473 --- [blog-jpa] [    Test worker] j.LocalContainerEntityManagerFactoryBean : Initialized JPA EntityManagerFactory for persistence unit 'default'
2024-04-19T14:18:51.200+09:00  INFO 12473 --- [blog-jpa] [    Test worker] o.s.d.j.r.query.QueryEnhancerFactory     : Hibernate is in classpath; If applicable, HQL parser will be used.
2024-04-19T14:18:51.423+09:00  WARN 12473 --- [blog-jpa] [    Test worker] JpaBaseConfiguration$JpaWebConfiguration : spring.jpa.open-in-view is enabled by default. Therefore, database queries may be performed during view rendering. Explicitly configure spring.jpa.open-in-view to disable this warning
2024-04-19T14:18:51.553+09:00  INFO 12473 --- [blog-jpa] [    Test worker] o.s.s.web.DefaultSecurityFilterChain     : Will secure any request with [org.springframework.security.web.session.DisableEncodeUrlFilter@38c7ad43, org.springframework.security.web.context.request.async.WebAsyncManagerIntegrationFilter@1ee04ff6, org.springframework.security.web.context.SecurityContextHolderFilter@7ee0dbd1, org.springframework.security.web.header.HeaderWriterFilter@2d2697a8, org.springframework.web.filter.CorsFilter@32fefbe6, org.springframework.security.web.csrf.CsrfFilter@4b4a3114, org.springframework.security.web.authentication.logout.LogoutFilter@3a917e07, org.springframework.security.web.authentication.UsernamePasswordAuthenticationFilter@2f0a29f7, org.springframework.security.web.savedrequest.RequestCacheAwareFilter@5d04adc1, org.springframework.security.web.servletapi.SecurityContextHolderAwareRequestFilter@4c2812aa, org.springframework.security.web.authentication.AnonymousAuthenticationFilter@3e92bded, org.springframework.security.web.access.ExceptionTranslationFilter@5a0c0680, org.springframework.security.web.access.intercept.AuthorizationFilter@30a8ac50]
2024-04-19T14:18:51.556+09:00  WARN 12473 --- [blog-jpa] [    Test worker] o.s.s.c.a.web.builders.WebSecurity       : You are asking Spring Security to ignore org.springframework.boot.autoconfigure.security.servlet.PathRequest$H2ConsoleRequestMatcher@796687de. This is not recommended -- please use permitAll via HttpSecurity#authorizeHttpRequests instead.
2024-04-19T14:18:51.556+09:00  INFO 12473 --- [blog-jpa] [    Test worker] o.s.s.web.DefaultSecurityFilterChain     : Will not secure org.springframework.boot.autoconfigure.security.servlet.PathRequest$H2ConsoleRequestMatcher@796687de
2024-04-19T14:18:51.556+09:00  WARN 12473 --- [blog-jpa] [    Test worker] o.s.s.c.a.web.builders.WebSecurity       : You are asking Spring Security to ignore Ant [pattern='/static/**']. This is not recommended -- please use permitAll via HttpSecurity#authorizeHttpRequests instead.
2024-04-19T14:18:51.556+09:00  INFO 12473 --- [blog-jpa] [    Test worker] o.s.s.web.DefaultSecurityFilterChain     : Will not secure Ant [pattern='/static/**']
2024-04-19T14:18:51.667+09:00  INFO 12473 --- [blog-jpa] [    Test worker] o.s.b.a.h2.H2ConsoleAutoConfiguration    : H2 console available at '/h2-console'. Database available at 'jdbc:h2:mem:testdb'
2024-04-19T14:18:51.696+09:00  INFO 12473 --- [blog-jpa] [    Test worker] c.e.blogjpa.service.UserServiceTest      : Started UserServiceTest in 1.686 seconds (process running for 2.095)
Hibernate: 
    insert 
    into
        users
        (created_at, email, password, id) 
    values
        (?, ?, ?, default)
1, email: mock_email
]]></system-out>
  <system-err><![CDATA[WARNING: A Java agent has been loaded dynamically (/Users/lth/.gradle/caches/modules-2/files-2.1/net.bytebuddy/byte-buddy-agent/1.14.12/be4984cb6fd1ef1d11f218a648889dfda44b8a15/byte-buddy-agent-1.14.12.jar)
WARNING: If a serviceability tool is in use, please run with -XX:+EnableDynamicAgentLoading to hide this warning
WARNING: If a serviceability tool is not in use, please run with -Djdk.instrument.traceUsage for more information
WARNING: Dynamic loading of agents will be disallowed by default in a future release
]]></system-err>
</testsuite>
