<?xml version="1.0" encoding="UTF-8"?>
<testsuite name="com.estsoft.blogjpa.JUnitTest" tests="1" skipped="0" failures="0" errors="0" timestamp="2024-04-19T05:28:12" hostname="leetaehees-MacBook-Pro.local" time="0.001">
  <properties/>
  <testcase name="test()" classname="com.estsoft.blogjpa.JUnitTest" time="0.001"/>
  <system-out><![CDATA[]]></system-out>
  <system-err><![CDATA[]]></system-err>
</testsuite>
