<?xml version="1.0" encoding="UTF-8"?>
<testsuite name="com.estsoft.blogjpa.controller.BlogControllerTest" tests="4" skipped="0" failures="0" errors="0" timestamp="2024-04-19T05:28:13" hostname="leetaehees-MacBook-Pro.local" time="0.11">
  <properties/>
  <testcase name="showArticle()" classname="com.estsoft.blogjpa.controller.BlogControllerTest" time="0.072"/>
  <testcase name="updateTest()" classname="com.estsoft.blogjpa.controller.BlogControllerTest" time="0.004"/>
  <testcase name="addArticle()" classname="com.estsoft.blogjpa.controller.BlogControllerTest" time="0.02"/>
  <testcase name="deleteById()" classname="com.estsoft.blogjpa.controller.BlogControllerTest" time="0.011"/>
  <system-out><![CDATA[2024-04-19T14:28:12.793+09:00  INFO 12921 --- [blog-jpa] [    Test worker] t.c.s.AnnotationConfigContextLoaderUtils : Could not detect default configuration classes for test class [com.estsoft.blogjpa.controller.BlogControllerTest]: BlogControllerTest does not declare any static, non-private, non-final, nested classes annotated with @Configuration.
2024-04-19T14:28:12.799+09:00  INFO 12921 --- [blog-jpa] [    Test worker] .b.t.c.SpringBootTestContextBootstrapper : Found @SpringBootConfiguration com.estsoft.blogjpa.BlogJpaApplication for test class com.estsoft.blogjpa.controller.BlogControllerTest

  .   ____          _            __ _ _
 /\\ / ___'_ __ _ _(_)_ __  __ _ \ \ \ \
( ( )\___ | '_ | '_| | '_ \/ _` | \ \ \ \
 \\/  ___)| |_)| | | | | || (_| |  ) ) ) )
  '  |____| .__|_| |_|_| |_\__, | / / / /
 =========|_|==============|___/=/_/_/_/
 :: Spring Boot ::                (v3.2.3)

2024-04-19T14:28:12.810+09:00  INFO 12921 --- [blog-jpa] [    Test worker] c.e.b.controller.BlogControllerTest      : Starting BlogControllerTest using Java 21.0.2 with PID 12921 (started by lth in /Users/lth/IdeaProjects/blog-jpa)
2024-04-19T14:28:12.810+09:00  INFO 12921 --- [blog-jpa] [    Test worker] c.e.b.controller.BlogControllerTest      : No active profile set, falling back to 1 default profile: "default"
2024-04-19T14:28:12.863+09:00  INFO 12921 --- [blog-jpa] [    Test worker] .s.d.r.c.RepositoryConfigurationDelegate : Bootstrapping Spring Data JPA repositories in DEFAULT mode.
2024-04-19T14:28:12.867+09:00  INFO 12921 --- [blog-jpa] [    Test worker] .s.d.r.c.RepositoryConfigurationDelegate : Finished Spring Data repository scanning in 3 ms. Found 2 JPA repository interfaces.
2024-04-19T14:28:12.899+09:00  INFO 12921 --- [blog-jpa] [    Test worker] com.zaxxer.hikari.HikariDataSource       : HikariPool-2 - Starting...
2024-04-19T14:28:12.900+09:00  INFO 12921 --- [blog-jpa] [    Test worker] com.zaxxer.hikari.pool.HikariPool        : HikariPool-2 - Added connection conn1: url=jdbc:h2:mem:testdb user=SA
2024-04-19T14:28:12.900+09:00  INFO 12921 --- [blog-jpa] [    Test worker] com.zaxxer.hikari.HikariDataSource       : HikariPool-2 - Start completed.
2024-04-19T14:28:12.900+09:00  INFO 12921 --- [blog-jpa] [    Test worker] o.hibernate.jpa.internal.util.LogHelper  : HHH000204: Processing PersistenceUnitInfo [name: default]
2024-04-19T14:28:12.901+09:00  INFO 12921 --- [blog-jpa] [    Test worker] o.h.c.internal.RegionFactoryInitiator    : HHH000026: Second-level cache disabled
2024-04-19T14:28:12.903+09:00  INFO 12921 --- [blog-jpa] [    Test worker] o.s.o.j.p.SpringPersistenceUnitInfo      : No LoadTimeWeaver setup: ignoring JPA class transformer
2024-04-19T14:28:12.931+09:00  INFO 12921 --- [blog-jpa] [    Test worker] o.h.e.t.j.p.i.JtaPlatformInitiator       : HHH000489: No JTA platform available (set 'hibernate.transaction.jta.platform' to enable JTA platform integration)
Hibernate: 
    drop table if exists article cascade 
Hibernate: 
    drop table if exists users cascade 
Hibernate: 
    create table article (
        created_at timestamp(6),
        id bigint generated by default as identity,
        updated_at timestamp(6),
        content varchar(255) not null,
        title varchar(255) not null,
        primary key (id)
    )
Hibernate: 
    create table users (
        created_at timestamp(6),
        id bigint generated by default as identity,
        email varchar(255) not null unique,
        password varchar(255) not null,
        primary key (id)
    )
2024-04-19T14:28:12.934+09:00  INFO 12921 --- [blog-jpa] [    Test worker] j.LocalContainerEntityManagerFactoryBean : Initialized JPA EntityManagerFactory for persistence unit 'default'
2024-04-19T14:28:12.961+09:00  WARN 12921 --- [blog-jpa] [    Test worker] JpaBaseConfiguration$JpaWebConfiguration : spring.jpa.open-in-view is enabled by default. Therefore, database queries may be performed during view rendering. Explicitly configure spring.jpa.open-in-view to disable this warning
2024-04-19T14:28:12.987+09:00  INFO 12921 --- [blog-jpa] [    Test worker] o.s.s.web.DefaultSecurityFilterChain     : Will secure any request with [org.springframework.security.web.session.DisableEncodeUrlFilter@4d768435, org.springframework.security.web.context.request.async.WebAsyncManagerIntegrationFilter@3990d58e, org.springframework.security.web.context.SecurityContextHolderFilter@49c51eb7, org.springframework.security.web.header.HeaderWriterFilter@5f45abe6, org.springframework.web.filter.CorsFilter@3625093d, org.springframework.security.web.csrf.CsrfFilter@384d0e1f, org.springframework.security.web.authentication.logout.LogoutFilter@2e949007, org.springframework.security.web.authentication.UsernamePasswordAuthenticationFilter@47e82067, org.springframework.security.web.savedrequest.RequestCacheAwareFilter@1928dc66, org.springframework.security.web.servletapi.SecurityContextHolderAwareRequestFilter@3dad8926, org.springframework.security.web.authentication.AnonymousAuthenticationFilter@3048ec86, org.springframework.security.web.access.ExceptionTranslationFilter@6f997702, org.springframework.security.web.access.intercept.AuthorizationFilter@2035f1f0]
2024-04-19T14:28:12.988+09:00  WARN 12921 --- [blog-jpa] [    Test worker] o.s.s.c.a.web.builders.WebSecurity       : You are asking Spring Security to ignore org.springframework.boot.autoconfigure.security.servlet.PathRequest$H2ConsoleRequestMatcher@1475cdbb. This is not recommended -- please use permitAll via HttpSecurity#authorizeHttpRequests instead.
2024-04-19T14:28:12.988+09:00  INFO 12921 --- [blog-jpa] [    Test worker] o.s.s.web.DefaultSecurityFilterChain     : Will not secure org.springframework.boot.autoconfigure.security.servlet.PathRequest$H2ConsoleRequestMatcher@1475cdbb
2024-04-19T14:28:12.988+09:00  WARN 12921 --- [blog-jpa] [    Test worker] o.s.s.c.a.web.builders.WebSecurity       : You are asking Spring Security to ignore Ant [pattern='/static/**']. This is not recommended -- please use permitAll via HttpSecurity#authorizeHttpRequests instead.
2024-04-19T14:28:12.988+09:00  INFO 12921 --- [blog-jpa] [    Test worker] o.s.s.web.DefaultSecurityFilterChain     : Will not secure Ant [pattern='/static/**']
2024-04-19T14:28:13.007+09:00  INFO 12921 --- [blog-jpa] [    Test worker] o.s.b.a.h2.H2ConsoleAutoConfiguration    : H2 console available at '/h2-console'. Database available at 'jdbc:h2:mem:testdb'
2024-04-19T14:28:13.019+09:00  INFO 12921 --- [blog-jpa] [    Test worker] c.estsoft.blogjpa.filter.UrlPrintFilter  : 1. url print filter init() - filterOne
2024-04-19T14:28:13.019+09:00  INFO 12921 --- [blog-jpa] [    Test worker] c.e.blogjpa.filter.AddTraceIdFilter      : 2. AddTraceIdFilter init() - filterTwo
2024-04-19T14:28:13.019+09:00  INFO 12921 --- [blog-jpa] [    Test worker] o.s.b.t.m.w.SpringBootMockServletContext : Initializing Spring TestDispatcherServlet ''
2024-04-19T14:28:13.020+09:00  INFO 12921 --- [blog-jpa] [    Test worker] o.s.t.web.servlet.TestDispatcherServlet  : Initializing Servlet ''
2024-04-19T14:28:13.020+09:00  INFO 12921 --- [blog-jpa] [    Test worker] o.s.t.web.servlet.TestDispatcherServlet  : Completed initialization in 0 ms
2024-04-19T14:28:13.024+09:00  INFO 12921 --- [blog-jpa] [    Test worker] c.e.b.controller.BlogControllerTest      : Started BlogControllerTest in 0.223 seconds (process running for 2.647)
2024-04-19T14:28:13.027+09:00  INFO 12921 --- [blog-jpa] [    Test worker] o.s.b.t.m.w.SpringBootMockServletContext : Initializing Spring TestDispatcherServlet ''
2024-04-19T14:28:13.027+09:00  INFO 12921 --- [blog-jpa] [    Test worker] o.s.t.web.servlet.TestDispatcherServlet  : Initializing Servlet ''
2024-04-19T14:28:13.027+09:00  INFO 12921 --- [blog-jpa] [    Test worker] o.s.t.web.servlet.TestDispatcherServlet  : Completed initialization in 0 ms
Hibernate: 
    select
        a1_0.id,
        a1_0.content,
        a1_0.created_at,
        a1_0.title,
        a1_0.updated_at 
    from
        article a1_0
Hibernate: 
    delete 
    from
        article 
    where
        id=?
Hibernate: 
    delete 
    from
        article 
    where
        id=?
Hibernate: 
    delete 
    from
        article 
    where
        id=?
Hibernate: 
    insert 
    into
        article
        (content, created_at, title, updated_at, id) 
    values
        (?, ?, ?, ?, default)
Hibernate: 
    insert 
    into
        article
        (content, created_at, title, updated_at, id) 
    values
        (?, ?, ?, ?, default)
2024-04-19T14:28:13.062+09:00  INFO 12921 --- [blog-jpa] [    Test worker] c.e.b.i.MethodPrintInterceptor           : MethodPrintInterceptor prehandle()
Hibernate: 
    select
        a1_0.id,
        a1_0.content,
        a1_0.created_at,
        a1_0.title,
        a1_0.updated_at 
    from
        article a1_0
2024-04-19T14:28:13.086+09:00  INFO 12921 --- [blog-jpa] [    Test worker] c.e.b.i.MethodPrintInterceptor           : MethodPrintInterceptor postHandle() - showArticle
2024-04-19T14:28:13.086+09:00  INFO 12921 --- [blog-jpa] [    Test worker] c.e.b.i.MethodPrintInterceptor           : MethodPrintInterceptor afterCompletion()
2024-04-19T14:28:13.099+09:00  INFO 12921 --- [blog-jpa] [    Test worker] o.s.b.t.m.w.SpringBootMockServletContext : Initializing Spring TestDispatcherServlet ''
2024-04-19T14:28:13.099+09:00  INFO 12921 --- [blog-jpa] [    Test worker] o.s.t.web.servlet.TestDispatcherServlet  : Initializing Servlet ''
2024-04-19T14:28:13.099+09:00  INFO 12921 --- [blog-jpa] [    Test worker] o.s.t.web.servlet.TestDispatcherServlet  : Completed initialization in 0 ms
Hibernate: 
    select
        a1_0.id,
        a1_0.content,
        a1_0.created_at,
        a1_0.title,
        a1_0.updated_at 
    from
        article a1_0
Hibernate: 
    delete 
    from
        article 
    where
        id=?
Hibernate: 
    delete 
    from
        article 
    where
        id=?
2024-04-19T14:28:13.104+09:00  INFO 12921 --- [blog-jpa] [    Test worker] o.s.b.t.m.w.SpringBootMockServletContext : Initializing Spring TestDispatcherServlet ''
2024-04-19T14:28:13.104+09:00  INFO 12921 --- [blog-jpa] [    Test worker] o.s.t.web.servlet.TestDispatcherServlet  : Initializing Servlet ''
2024-04-19T14:28:13.104+09:00  INFO 12921 --- [blog-jpa] [    Test worker] o.s.t.web.servlet.TestDispatcherServlet  : Completed initialization in 0 ms
Hibernate: 
    select
        a1_0.id,
        a1_0.content,
        a1_0.created_at,
        a1_0.title,
        a1_0.updated_at 
    from
        article a1_0
2024-04-19T14:28:13.107+09:00  INFO 12921 --- [blog-jpa] [    Test worker] c.e.b.i.MethodPrintInterceptor           : MethodPrintInterceptor prehandle()
Hibernate: 
    insert 
    into
        article
        (content, created_at, title, updated_at, id) 
    values
        (?, ?, ?, ?, default)
2024-04-19T14:28:13.123+09:00  INFO 12921 --- [blog-jpa] [    Test worker] c.e.b.i.MethodPrintInterceptor           : MethodPrintInterceptor postHandle() - addArticle
2024-04-19T14:28:13.123+09:00  INFO 12921 --- [blog-jpa] [    Test worker] c.e.b.i.MethodPrintInterceptor           : MethodPrintInterceptor afterCompletion()
2024-04-19T14:28:13.126+09:00  INFO 12921 --- [blog-jpa] [    Test worker] o.s.b.t.m.w.SpringBootMockServletContext : Initializing Spring TestDispatcherServlet ''
2024-04-19T14:28:13.126+09:00  INFO 12921 --- [blog-jpa] [    Test worker] o.s.t.web.servlet.TestDispatcherServlet  : Initializing Servlet ''
2024-04-19T14:28:13.126+09:00  INFO 12921 --- [blog-jpa] [    Test worker] o.s.t.web.servlet.TestDispatcherServlet  : Completed initialization in 0 ms
Hibernate: 
    select
        a1_0.id,
        a1_0.content,
        a1_0.created_at,
        a1_0.title,
        a1_0.updated_at 
    from
        article a1_0
Hibernate: 
    delete 
    from
        article 
    where
        id=?
Hibernate: 
    insert 
    into
        article
        (content, created_at, title, updated_at, id) 
    values
        (?, ?, ?, ?, default)
2024-04-19T14:28:13.129+09:00  INFO 12921 --- [blog-jpa] [    Test worker] c.e.b.i.MethodPrintInterceptor           : MethodPrintInterceptor prehandle()
Hibernate: 
    select
        a1_0.id,
        a1_0.content,
        a1_0.created_at,
        a1_0.title,
        a1_0.updated_at 
    from
        article a1_0 
    where
        a1_0.id=?
Hibernate: 
    delete 
    from
        article 
    where
        id=?
2024-04-19T14:28:13.133+09:00  INFO 12921 --- [blog-jpa] [    Test worker] c.e.b.i.MethodPrintInterceptor           : MethodPrintInterceptor postHandle() - deleteOneArticle
2024-04-19T14:28:13.133+09:00  INFO 12921 --- [blog-jpa] [    Test worker] c.e.b.i.MethodPrintInterceptor           : MethodPrintInterceptor afterCompletion()
Hibernate: 
    select
        a1_0.id,
        a1_0.content,
        a1_0.created_at,
        a1_0.title,
        a1_0.updated_at 
    from
        article a1_0 
    where
        a1_0.id=?
]]></system-out>
  <system-err><![CDATA[]]></system-err>
</testsuite>
